#
# A fatal error has been detected by the Java Runtime Environment:
#
#  EXCEPTION_IN_PAGE_ERROR (0xc0000006) at pc=0x00007ffcb4ba1989, pid=17888, tid=10004
#
# JRE version:  (17.0.9) (build )
# Java VM: OpenJDK 64-Bit Server VM (17.0.9+0--11185874, mixed mode, sharing, tiered, compressed oops, compressed class ptrs, g1 gc, windows-amd64)
# Problematic frame:
# C  [VCRUNTIME140.dll+0x1989]
#
# No core dump will be written. Minidumps are not enabled by default on client versions of Windows
#
#

---------------  S U M M A R Y ------------

Command Line: 

Host: Intel(R) Core(TM) i5-10300H CPU @ 2.50GHz, 8 cores, 7G,  Windows 10 , 64 bit Build 19041 (10.0.19041.3636)
Time: Tue Apr  9 01:54:45 2024 Egypt Standard Time elapsed time: 0.012062 seconds (0d 0h 0m 0s)

---------------  T H R E A D  ---------------

Current thread is native thread

Stack: [0x000000a063500000,0x000000a063600000],  sp=0x000000a0635fede0,  free space=1019k
Native frames: (J=compiled Java code, j=interpreted, Vv=VM code, C=native code)
C  [VCRUNTIME140.dll+0x1989]
V  [jvm.dll+0x6aa243]
V  [jvm.dll+0x6a8f07]
V  [jvm.dll+0x6a8abe]
V  [jvm.dll+0x372217]
V  [jvm.dll+0x7f12b3]
V  [jvm.dll+0x3f5d4f]
V  [jvm.dll+0x3f7981]
C  [jli.dll+0x528f]
C  [ucrtbase.dll+0x21bb2]
C  [KERNEL32.DLL+0x17344]
C  [ntdll.dll+0x526b1]


siginfo: EXCEPTION_IN_PAGE_ERROR (0xc0000006), writing address 0x0000026fbeaa0000


Registers:
RAX=0x0000000000000000, RBX=0x0000026fbeaa0000, RCX=0x0000000000010000, RDX=0x0000000000000000
RSP=0x000000a0635fede0, RBP=0x0000026fbe9cbd00, RSI=0x0000026fbe888330, RDI=0x0000026fbeaa0000
R8 =0x0000000000010000, R9 =0x0000000000000000, R10=0x0000000000000000, R11=0x0000026fbeaa0000
R12=0x0000000000000000, R13=0x00007ffc838b64c0, R14=0x0000026fbe862ea0, R15=0x0000000000010000
RIP=0x00007ffcb4ba1989, EFLAGS=0x0000000000010202


Top of Stack: (sp=0x000000a0635fede0)
0x000000a0635fede0:   0000000000000000 00007ffc8358a243
0x000000a0635fedf0:   0000026fbe9cbd00 0000000000000000
0x000000a0635fee00:   0000026fbe888330 0000000000000006
0x000000a0635fee10:   0000000000010000 000000a0635fee30
0x000000a0635fee20:   000000a0635ff0a0 0000000000000104
0x000000a0635fee30:   0000010103e706ff 000000a0000000ff
0x000000a0635fee40:   0000000000000002 00007ffce015b3c7
0x000000a0635fee50:   000000000000000c 0000000000000000
0x000000a0635fee60:   0000000000000000 0000000000000030
0x000000a0635fee70:   0000000000001000 0000026fbe850000
0x000000a0635fee80:   00000000005c3a43 00007ffce014f47e
0x000000a0635fee90:   0000026fbe9cacf0 00007ffce013a46c
0x000000a0635feea0:   000000000000f67e 00007ffce029a540
0x000000a0635feeb0:   82e0771800000000 0000000059b896f7
0x000000a0635feec0:   1979879200000000 0000000000000000
0x000000a0635feed0:   82e0771800000000 00007ffce013a36f
0x000000a0635feee0:   0000000000000000 000000006d236bf0
0x000000a0635feef0:   000000000000000c 0000026fbe7e0000
0x000000a0635fef00:   0000000000000000 00007ffce0150b31
0x000000a0635fef10:   000000000013000b 0000026fbe7e0000
0x000000a0635fef20:   0000000000000003 0000000000000040
0x000000a0635fef30:   0000026fbe7e02ac 0000026fbe7e0000
0x000000a0635fef40:   0000026fbe7e0fc0 0000026fbe9cacf0
0x000000a0635fef50:   0000026fbe873230 00007ffce015b86b
0x000000a0635fef60:   00000000003d0053 000000000000007e
0x000000a0635fef70:   0000026fbe8959f0 0000000000000030
0x000000a0635fef80:   0000000000001000 0000026fbe7e02ac
0x000000a0635fef90:   0000026f00000000 0000026fbe7e0fc0
0x000000a0635fefa0:   0000000100000002 0000026fbe7e0000
0x000000a0635fefb0:   0000026fbe7e02ac 000000a00000000c
0x000000a0635fefc0:   0000000000000030 0000026fbe7e0cc0
0x000000a0635fefd0:   0000000000000013 0000000000000000 

Instructions: (pc=0x00007ffcb4ba1989)
0x00007ffcb4ba1889:   49 03 c8 0f 10 44 11 f0 48 83 e9 10 49 83 e8 10
0x00007ffcb4ba1899:   f6 c1 0f 74 17 48 8b c1 48 83 e1 f0 0f 10 c8 0f
0x00007ffcb4ba18a9:   10 04 11 0f 11 08 4c 8b c1 4d 2b c3 4d 8b c8 49
0x00007ffcb4ba18b9:   c1 e9 07 74 6f 0f 29 01 eb 14 66 66 66 66 66 0f
0x00007ffcb4ba18c9:   1f 84 00 00 00 00 00 0f 29 41 10 0f 29 09 0f 10
0x00007ffcb4ba18d9:   44 11 f0 0f 10 4c 11 e0 48 81 e9 80 00 00 00 0f
0x00007ffcb4ba18e9:   29 41 70 0f 29 49 60 0f 10 44 11 50 0f 10 4c 11
0x00007ffcb4ba18f9:   40 49 ff c9 0f 29 41 50 0f 29 49 40 0f 10 44 11
0x00007ffcb4ba1909:   30 0f 10 4c 11 20 0f 29 41 30 0f 29 49 20 0f 10
0x00007ffcb4ba1919:   44 11 10 0f 10 0c 11 75 ae 0f 29 41 10 49 83 e0
0x00007ffcb4ba1929:   7f 0f 28 c1 4d 8b c8 49 c1 e9 04 74 1a 66 66 0f
0x00007ffcb4ba1939:   1f 84 00 00 00 00 00 0f 11 01 48 83 e9 10 0f 10
0x00007ffcb4ba1949:   04 11 49 ff c9 75 f0 49 83 e0 0f 74 08 41 0f 10
0x00007ffcb4ba1959:   0a 41 0f 11 0b 0f 11 01 49 8b c3 c3 cc cc cc cc
0x00007ffcb4ba1969:   cc cc cc cc cc cc cc cc cc cc cc cc cc 66 66 0f
0x00007ffcb4ba1979:   1f 84 00 00 00 00 00 57 8b c2 48 8b f9 49 8b c8
0x00007ffcb4ba1989:   f3 aa 49 8b c3 5f c3 cc cc cc cc cc cc 66 66 0f
0x00007ffcb4ba1999:   1f 84 00 00 00 00 00 4c 8b d9 0f b6 d2 49 b9 01
0x00007ffcb4ba19a9:   01 01 01 01 01 01 01 4c 0f af ca 49 83 f8 10 0f
0x00007ffcb4ba19b9:   86 f2 00 00 00 66 49 0f 6e c1 66 0f 60 c0 49 81
0x00007ffcb4ba19c9:   f8 80 00 00 00 77 10 e9 6b 00 00 00 66 66 66 0f
0x00007ffcb4ba19d9:   1f 84 00 00 00 00 00 f6 05 d5 49 01 00 02 75 97
0x00007ffcb4ba19e9:   0f 11 01 4c 03 c1 48 83 c1 10 48 83 e1 f0 4c 2b
0x00007ffcb4ba19f9:   c1 4d 8b c8 49 c1 e9 07 74 3d 4c 3b 0d 1e 46 01
0x00007ffcb4ba1a09:   00 0f 87 60 00 00 00 0f 29 01 0f 29 41 10 48 81
0x00007ffcb4ba1a19:   c1 80 00 00 00 0f 29 41 a0 0f 29 41 b0 49 ff c9
0x00007ffcb4ba1a29:   0f 29 41 c0 0f 29 41 d0 0f 29 41 e0 66 0f 29 41
0x00007ffcb4ba1a39:   f0 75 d4 49 83 e0 7f 4d 8b c8 49 c1 e9 04 74 13
0x00007ffcb4ba1a49:   0f 1f 80 00 00 00 00 0f 11 01 48 83 c1 10 49 ff
0x00007ffcb4ba1a59:   c9 75 f4 49 83 e0 0f 74 06 42 0f 11 44 01 f0 49
0x00007ffcb4ba1a69:   8b c3 c3 0f 1f 40 00 0f 2b 01 0f 2b 41 10 48 81
0x00007ffcb4ba1a79:   c1 80 00 00 00 0f 2b 41 a0 0f 2b 41 b0 49 ff c9 



---------------  P R O C E S S  ---------------

VM state: not at safepoint (not fully initialized)

VM Mutex/Monitor currently owned by a thread: None

Heap address: 0x0000000000000000, size: 0 MB, Compressed Oops mode: 32-bit

CDS archive(s) mapped at: [0x0000000000000000-0x0000000000000000-0x0000000000000000), size 0, SharedBaseAddress: 0x0000000800000000, ArchiveRelocationMode: 1.
Narrow klass base: 0x0000000000000000, Narrow klass shift: 0, Narrow klass range: 0x0

GC Precious Log:
<Not initialized>

Dll operation events (0 events):
No events

Deoptimization events (0 events):
No events

Classes unloaded (0 events):
No events

Classes redefined (0 events):
No events

Internal exceptions (0 events):
No events

VM Operations (0 events):
No events

Events (0 events):
No events


Dynamic libraries:
0x00007ff628e90000 - 0x00007ff628e9a000 	D:\Android Studio\jbr\bin\java.EXE
0x00007ffce0130000 - 0x00007ffce0328000 	C:\WINDOWS\SYSTEM32\ntdll.dll
0x00007ffcdf870000 - 0x00007ffcdf92d000 	C:\WINDOWS\System32\KERNEL32.DLL
0x00007ffcddac0000 - 0x00007ffcdddb6000 	C:\WINDOWS\System32\KERNELBASE.dll
0x00007ffcdd810000 - 0x00007ffcdd910000 	C:\WINDOWS\System32\ucrtbase.dll
0x00007ffcb4c10000 - 0x00007ffcb4c27000 	D:\Android Studio\jbr\bin\jli.dll
0x00007ffcb4ba0000 - 0x00007ffcb4bbb000 	D:\Android Studio\jbr\bin\VCRUNTIME140.dll
0x00007ffcdfd10000 - 0x00007ffcdfeae000 	C:\WINDOWS\System32\USER32.dll
0x00007ffcdd910000 - 0x00007ffcdd932000 	C:\WINDOWS\System32\win32u.dll
0x00007ffcdf830000 - 0x00007ffcdf85c000 	C:\WINDOWS\System32\GDI32.dll
0x00007ffcb6ff0000 - 0x00007ffcb728a000 	C:\WINDOWS\WinSxS\amd64_microsoft.windows.common-controls_6595b64144ccf1df_6.0.19041.3636_none_60b6a03d71f818d5\COMCTL32.dll
0x00007ffcdddc0000 - 0x00007ffcddeda000 	C:\WINDOWS\System32\gdi32full.dll
0x00007ffcdfeb0000 - 0x00007ffcdff4e000 	C:\WINDOWS\System32\msvcrt.dll
0x00007ffcddee0000 - 0x00007ffcddf7d000 	C:\WINDOWS\System32\msvcp_win.dll
0x00007ffcdeb20000 - 0x00007ffcdeb50000 	C:\WINDOWS\System32\IMM32.DLL
0x00007ffcce2a0000 - 0x00007ffcce2ac000 	D:\Android Studio\jbr\bin\vcruntime140_1.dll
0x00007ffc87640000 - 0x00007ffc876cd000 	D:\Android Studio\jbr\bin\msvcp140.dll
0x00007ffc82ee0000 - 0x00007ffc83b63000 	D:\Android Studio\jbr\bin\server\jvm.dll
0x00007ffcde320000 - 0x00007ffcde3cf000 	C:\WINDOWS\System32\ADVAPI32.dll
0x00007ffcdf210000 - 0x00007ffcdf2ac000 	C:\WINDOWS\System32\sechost.dll
0x00007ffcdf510000 - 0x00007ffcdf636000 	C:\WINDOWS\System32\RPCRT4.dll
0x00007ffcdcf00000 - 0x00007ffcdcf4b000 	C:\WINDOWS\SYSTEM32\POWRPROF.dll
0x00007ffcc1e40000 - 0x00007ffcc1e49000 	C:\WINDOWS\SYSTEM32\WSOCK32.dll
0x00007ffcdff50000 - 0x00007ffcdffbb000 	C:\WINDOWS\System32\WS2_32.dll
0x00007ffcc2040000 - 0x00007ffcc2067000 	C:\WINDOWS\SYSTEM32\WINMM.dll
0x00007ffcd7370000 - 0x00007ffcd737a000 	C:\WINDOWS\SYSTEM32\VERSION.dll
0x00007ffcdce50000 - 0x00007ffcdce62000 	C:\WINDOWS\SYSTEM32\UMPDC.dll
0x00007ffcdc020000 - 0x00007ffcdc032000 	C:\WINDOWS\SYSTEM32\kernel.appcore.dll
0x00007ffccabf0000 - 0x00007ffccabfa000 	D:\Android Studio\jbr\bin\jimage.dll
0x00007ffcdb590000 - 0x00007ffcdb774000 	C:\WINDOWS\SYSTEM32\DBGHELP.DLL
0x00007ffcd1b30000 - 0x00007ffcd1b64000 	C:\WINDOWS\SYSTEM32\dbgcore.DLL
0x00007ffcdda30000 - 0x00007ffcddab2000 	C:\WINDOWS\System32\bcryptPrimitives.dll

dbghelp: loaded successfully - version: 4.0.5 - missing functions: none
symbol engine: initialized successfully - sym options: 0x614 - pdb path: .;D:\Android Studio\jbr\bin;C:\WINDOWS\SYSTEM32;C:\WINDOWS\WinSxS\amd64_microsoft.windows.common-controls_6595b64144ccf1df_6.0.19041.3636_none_60b6a03d71f818d5;D:\Android Studio\jbr\bin\server

VM Arguments:
java_command: <unknown>
java_class_path (initial): <not set>
Launcher Type: SUN_STANDARD

[Global flags]
     uint ConcGCThreads                            = 2                                         {product} {ergonomic}
     uint G1ConcRefinementThreads                  = 8                                         {product} {ergonomic}
    uintx GCDrainStackTargetSize                   = 64                                        {product} {ergonomic}
   size_t InitialHeapSize                          = 132057024                                 {product} {ergonomic}
   size_t MarkStackSize                            = 4194304                                   {product} {ergonomic}
   size_t MaxHeapSize                              = 2112912384                                {product} {ergonomic}
   size_t MinHeapSize                              = 6815736                                   {product} {ergonomic}
    uintx ReservedCodeCacheSize                    = 251658240                              {pd product} {ergonomic}
     bool SegmentedCodeCache                       = true                                      {product} {ergonomic}
     bool UseCompressedClassPointers               = true                           {product lp64_product} {ergonomic}
     bool UseCompressedOops                        = true                           {product lp64_product} {ergonomic}
     bool UseG1GC                                  = true                                      {product} {ergonomic}
     bool UseLargePagesIndividualAllocation        = false                                  {pd product} {ergonomic}

Logging:
Log output configuration:
 #0: stdout all=warning uptime,level,tags
 #1: stderr all=off uptime,level,tags

Environment Variables:
JAVA_HOME=C:\Program Files\Java\jdk-21
PATH=C:\Program Files\Common Files\Oracle\Java\javapath;D:\python\Scripts\;D:\python\;C:\Program Files (x86)\VMware\VMware Workstation\bin\;C:\Program Files\Python310\Scripts\;C:\Program Files\Python310\;C:\Program Files\Common Files\Siemens\Automation\Simatic OAM\bin;C:\WINDOWS\system32;C:\WINDOWS;C:\WINDOWS\System32\Wbem;C:\WINDOWS\System32\WindowsPowerShell\v1.0\;C:\WINDOWS\System32\OpenSSH\;D:\course_embedded\Lecture_0\mingw-w64\i686-5.2.0-posix-dwarf-rt_v4-rev1\mingw32\bin;C:\Program Files\Java\jdk1.7.0_80\bin;C:\Program Files\Microsoft SQL Server\Client SDK\ODBC\110\Tools\Binn\;C:\Program Files (x86)\Microsoft SQL Server\120\Tools\Binn\;C:\Program Files\Microsoft SQL Server\120\Tools\Binn\;C:\Program Files\Microsoft SQL Server\120\DTS\Binn\;C:\Program Files (x86)\Windows Kits\8.1\Windows Performance Toolkit\;C:\Program Files\Microsoft SQL Server\Client SDK\ODBC\170\Tools\Binn\;C:\Program Files (x86)\Microsoft SQL Server\150\Tools\Binn\;C:\Program Files\Microsoft SQL Server\150\Tools\Binn\;C:\Program Files\Microsoft SQL Server\150\DTS\Binn\;C:\Program Files\Azure Data Studio\bin;C:\Program Files (x86)\Microsoft SQL Server\Client SDK\ODBC\110\Tools\Binn\;C:\Program Files (x86)\Microsoft SQL Server\120\DTS\Binn\;C:\Program Files (x86)\Common Files\Siemens\;C:\Program Files (x86)\Common Files\Siemens\Interfaces;C:\Program Files (x86)\Common Files\Siemens\ACE\Interfaces;C:\Program Files\nodejs\;C:\Program Files\dotnet\;D:\python;C:\Program Files\Git\cmd;C:\Program Files (x86)\Windows Kits\10\Windows Performance Toolkit\;C:\Users\lenovo\AppData\Local\Microsoft\WindowsApps;D:\flutter\bin;D:\dart\bin;C:\Users\lenovo\AppData\Roaming\npm;;D:\flutter\bin\mingit\cmd
USERNAME=lenovo
OS=Windows_NT
PROCESSOR_IDENTIFIER=Intel64 Family 6 Model 165 Stepping 2, GenuineIntel
TMP=C:\Users\lenovo\AppData\Local\Temp
TEMP=C:\Users\lenovo\AppData\Local\Temp



Periodic native trim disabled

JNI global refs:
JNI global refs: 0, weak refs: 0

JNI global refs memory usage: 0, weak refs: 0

OOME stack traces (most recent first):
Classloader memory used:
Not available (crashed in non-Java thread)

---------------  S Y S T E M  ---------------

OS:
 Windows 10 , 64 bit Build 19041 (10.0.19041.3636)
OS uptime: 1 days 1:00 hours

CPU: total 8 (initial active 8) 
Processor Information for all 8 processors :
  Max Mhz: 2496, Current Mhz: 2496, Mhz Limit: 2496

Memory: 4k page, system-wide physical 8060M (2868M free)
TotalPageFile size 18812M (AvailPageFile size 11315M)
current process WorkingSet (physical memory assigned to process): 8M, peak: 8M
current process commit charge ("private bytes"): 3M, peak: 3M

vm_info: OpenJDK 64-Bit Server VM (17.0.9+0--11185874) for windows-amd64 JRE (17.0.9+0--11185874), built on Dec  6 2023 18:57:44 by "androidbuild" with MS VC++ 16.10 / 16.11 (VS2019)

END.
